This file contains any messages produced by compilers while
running configure, to aid debugging if configure makes a mistake.

It was created by configure, which was
generated by GNU Autoconf 2.57.  Invocation command line was

  $ ./configure 

## --------- ##
## Platform. ##
## --------- ##

hostname = ubuntu
uname -m = x86_64
uname -r = 4.4.0-151-generic
uname -s = Linux
uname -v = #178-Ubuntu SMP Tue Jun 11 08:30:22 UTC 2019

/usr/bin/uname -p = unknown
/bin/uname -X     = unknown

/bin/arch              = unknown
/usr/bin/arch -k       = unknown
/usr/convex/getsysinfo = unknown
hostinfo               = unknown
/bin/machine           = unknown
/usr/bin/oslevel       = unknown
/bin/universe          = unknown

PATH: /home/joejiang/CodeSourcery/Sourcery_CodeBench_Lite_for_Xilinx_GNU_Linux/bin
PATH: /usr/local/sbin
PATH: /usr/local/bin
PATH: /usr/sbin
PATH: /usr/bin
PATH: /sbin
PATH: /bin
PATH: /usr/games
PATH: /usr/local/games


## ----------- ##
## Core tests. ##
## ----------- ##

configure:1510: checking build system type
configure:1528: result: x86_64-unknown-linux-gnu
configure:1536: checking host system type
configure:1550: result: x86_64-unknown-linux-gnu
configure:1590: checking for a BSD-compatible install
configure:1644: result: /usr/bin/install -c
configure:1655: checking whether build environment is sane
configure:1698: result: yes
configure:1731: checking for gawk
configure:1760: result: no
configure:1731: checking for mawk
configure:1747: found /usr/bin/mawk
configure:1757: result: mawk
configure:1767: checking whether make sets $(MAKE)
configure:1787: result: yes
configure:1986: checking for gcc
configure:2002: found /usr/bin/gcc
configure:2012: result: gcc
configure:2256: checking for C compiler version
configure:2259: gcc --version </dev/null >&5
gcc (Ubuntu 5.4.0-6ubuntu1~16.04.10) 5.4.0 20160609
Copyright (C) 2015 Free Software Foundation, Inc.
This is free software; see the source for copying conditions.  There is NO
warranty; not even for MERCHANTABILITY or FITNESS FOR A PARTICULAR PURPOSE.

configure:2262: $? = 0
configure:2264: gcc -v </dev/null >&5
Using built-in specs.
COLLECT_GCC=gcc
COLLECT_LTO_WRAPPER=/usr/lib/gcc/x86_64-linux-gnu/5/lto-wrapper
Target: x86_64-linux-gnu
Configured with: ../src/configure -v --with-pkgversion='Ubuntu 5.4.0-6ubuntu1~16.04.10' --with-bugurl=file:///usr/share/doc/gcc-5/README.Bugs --enable-languages=c,ada,c++,java,go,d,fortran,objc,obj-c++ --prefix=/usr --program-suffix=-5 --enable-shared --enable-linker-build-id --libexecdir=/usr/lib --without-included-gettext --enable-threads=posix --libdir=/usr/lib --enable-nls --with-sysroot=/ --enable-clocale=gnu --enable-libstdcxx-debug --enable-libstdcxx-time=yes --with-default-libstdcxx-abi=new --enable-gnu-unique-object --disable-vtable-verify --enable-libmpx --enable-plugin --with-system-zlib --disable-browser-plugin --enable-java-awt=gtk --enable-gtk-cairo --with-java-home=/usr/lib/jvm/java-1.5.0-gcj-5-amd64/jre --enable-java-home --with-jvm-root-dir=/usr/lib/jvm/java-1.5.0-gcj-5-amd64 --with-jvm-jar-dir=/usr/lib/jvm-exports/java-1.5.0-gcj-5-amd64 --with-arch-directory=amd64 --with-ecj-jar=/usr/share/java/eclipse-ecj.jar --enable-objc-gc --enable-multiarch --disable-werror --with-arch-32=i686 --with-abi=m64 --with-multilib-list=m32,m64,mx32 --enable-multilib --with-tune=generic --enable-checking=release --build=x86_64-linux-gnu --host=x86_64-linux-gnu --target=x86_64-linux-gnu
Thread model: posix
gcc version 5.4.0 20160609 (Ubuntu 5.4.0-6ubuntu1~16.04.10) 
configure:2267: $? = 0
configure:2269: gcc -V </dev/null >&5
gcc: error: unrecognized command line option '-V'
gcc: fatal error: no input files
compilation terminated.
configure:2272: $? = 1
configure:2296: checking for C compiler default output
configure:2299: gcc    conftest.c  >&5
configure:2302: $? = 0
configure:2348: result: a.out
configure:2353: checking whether the C compiler works
configure:2359: ./a.out
configure:2362: $? = 0
configure:2379: result: yes
configure:2386: checking whether we are cross compiling
configure:2388: result: no
configure:2391: checking for suffix of executables
configure:2393: gcc -o conftest    conftest.c  >&5
configure:2396: $? = 0
configure:2421: result: 
configure:2427: checking for suffix of object files
configure:2449: gcc -c   conftest.c >&5
configure:2452: $? = 0
configure:2474: result: o
configure:2478: checking whether we are using the GNU C compiler
configure:2503: gcc -c   conftest.c >&5
configure:2506: $? = 0
configure:2509: test -s conftest.o
configure:2512: $? = 0
configure:2525: result: yes
configure:2531: checking whether gcc accepts -g
configure:2553: gcc -c -g  conftest.c >&5
configure:2556: $? = 0
configure:2559: test -s conftest.o
configure:2562: $? = 0
configure:2573: result: yes
configure:2590: checking for gcc option to accept ANSI C
configure:2651: gcc  -c -g -O2  conftest.c >&5
configure:2654: $? = 0
configure:2657: test -s conftest.o
configure:2660: $? = 0
configure:2678: result: none needed
configure:2696: gcc -c -g -O2  conftest.c >&5
conftest.c:2:3: error: unknown type name 'choke'
   choke me
   ^
conftest.c:2:3: error: expected '=', ',', ';', 'asm' or '__attribute__' at end of input
configure:2699: $? = 1
configure: failed program was:
| #ifndef __cplusplus
|   choke me
| #endif
configure:2827: checking for style of include used by make
configure:2855: result: GNU
configure:2883: checking dependency style of gcc
configure:2945: result: gcc3
configure:2962: checking for a BSD-compatible install
configure:3016: result: /usr/bin/install -c
configure:3032: checking how to run the C preprocessor
configure:3068: gcc -E  conftest.c
configure:3074: $? = 0
configure:3106: gcc -E  conftest.c
configure:3107:28: fatal error: ac_nonexistent.h: No such file or directory
   (eval $ac_cpp conftest.$ac_ext) 2>conftest.er1
                            ^
compilation terminated.
configure:3112: $? = 1
configure: failed program was:
| #line 3097 "configure"
| /* confdefs.h.  */
| 
| #define PACKAGE_NAME ""
| #define PACKAGE_TARNAME ""
| #define PACKAGE_VERSION ""
| #define PACKAGE_STRING ""
| #define PACKAGE_BUGREPORT ""
| #define PACKAGE "libxml2"
| #define VERSION "2.6.2"
| /* end confdefs.h.  */
| #include <ac_nonexistent.h>
configure:3150: result: gcc -E
configure:3175: gcc -E  conftest.c
configure:3181: $? = 0
configure:3213: gcc -E  conftest.c
configure:3214:28: fatal error: ac_nonexistent.h: No such file or directory
   (eval $ac_cpp conftest.$ac_ext) 2>conftest.er1
                            ^
compilation terminated.
configure:3219: $? = 1
configure: failed program was:
| #line 3204 "configure"
| /* confdefs.h.  */
| 
| #define PACKAGE_NAME ""
| #define PACKAGE_TARNAME ""
| #define PACKAGE_VERSION ""
| #define PACKAGE_STRING ""
| #define PACKAGE_BUGREPORT ""
| #define PACKAGE "libxml2"
| #define VERSION "2.6.2"
| /* end confdefs.h.  */
| #include <ac_nonexistent.h>
configure:3263: checking for rm
configure:3281: found /bin/rm
configure:3294: result: /bin/rm
configure:3303: checking for mv
configure:3321: found /bin/mv
configure:3334: result: /bin/mv
configure:3343: checking for tar
configure:3361: found /bin/tar
configure:3374: result: /bin/tar
configure:3386: checking for gcc option to accept ANSI C
configure:3450: gcc  -c -g -O2  conftest.c >&5
configure:3453: $? = 0
configure:3456: test -s conftest.o
configure:3459: $? = 0
configure:3474: result: none needed
configure:3486: checking for egrep
configure:3496: result: grep -E
configure:3515: checking for sys/types.h
configure:3532: gcc -c -g -O2  conftest.c >&5
configure:3535: $? = 0
configure:3538: test -s conftest.o
configure:3541: $? = 0
configure:3552: result: yes
configure:3515: checking for sys/stat.h
configure:3532: gcc -c -g -O2  conftest.c >&5
configure:3535: $? = 0
configure:3538: test -s conftest.o
configure:3541: $? = 0
configure:3552: result: yes
configure:3515: checking for stdlib.h
configure:3532: gcc -c -g -O2  conftest.c >&5
configure:3535: $? = 0
configure:3538: test -s conftest.o
configure:3541: $? = 0
configure:3552: result: yes
configure:3515: checking for string.h
configure:3532: gcc -c -g -O2  conftest.c >&5
configure:3535: $? = 0
configure:3538: test -s conftest.o
configure:3541: $? = 0
configure:3552: result: yes
configure:3515: checking for memory.h
configure:3532: gcc -c -g -O2  conftest.c >&5
configure:3535: $? = 0
configure:3538: test -s conftest.o
configure:3541: $? = 0
configure:3552: result: yes
configure:3515: checking for strings.h
configure:3532: gcc -c -g -O2  conftest.c >&5
configure:3535: $? = 0
configure:3538: test -s conftest.o
configure:3541: $? = 0
configure:3552: result: yes
configure:3515: checking for inttypes.h
configure:3532: gcc -c -g -O2  conftest.c >&5
configure:3535: $? = 0
configure:3538: test -s conftest.o
configure:3541: $? = 0
configure:3552: result: yes
configure:3515: checking for stdint.h
configure:3532: gcc -c -g -O2  conftest.c >&5
configure:3535: $? = 0
configure:3538: test -s conftest.o
configure:3541: $? = 0
configure:3552: result: yes
configure:3515: checking for unistd.h
configure:3532: gcc -c -g -O2  conftest.c >&5
configure:3535: $? = 0
configure:3538: test -s conftest.o
configure:3541: $? = 0
configure:3552: result: yes
configure:3566: checking for function prototypes
configure:3569: result: yes
configure:3583: checking for ANSI C header files
configure:3609: gcc -c -g -O2  conftest.c >&5
configure:3612: $? = 0
configure:3615: test -s conftest.o
configure:3618: $? = 0
configure:3710: gcc -o conftest -g -O2   conftest.c  >&5
configure: In function 'main':
configure:3715:7: warning: implicit declaration of function 'exit' [-Wimplicit-function-declaration]
   { (eval echo "$as_me:$LINENO: \"$ac_try\"") >&5
       ^
configure:3715:7: warning: incompatible implicit declaration of built-in function 'exit'
configure:3715:7: note: include '<stdlib.h>' or provide a declaration of 'exit'
configure:3716:3: warning: incompatible implicit declaration of built-in function 'exit'
   (eval $ac_try) 2>&5
   ^
configure:3716:3: note: include '<stdlib.h>' or provide a declaration of 'exit'
configure:3713: $? = 0
configure:3715: ./conftest
configure:3718: $? = 0
configure:3733: result: yes
configure:3748: checking for string.h
configure:3753: result: yes
configure:3978: checking for ld used by GCC
configure:4041: result: /usr/bin/ld
configure:4050: checking if the linker (/usr/bin/ld) is GNU ld
GNU ld (GNU Binutils for Ubuntu) 2.26.1
configure:4062: result: yes
configure:4067: checking for /usr/bin/ld option to reload object files
configure:4074: result: -r
configure:4079: checking for BSD-compatible nm
configure:4115: result: /usr/bin/nm -B
configure:4118: checking for a sed that does not truncate output
configure:4200: result: /bin/sed
configure:4203: checking whether ln -s works
configure:4210: result: no, using cp -p
configure:4214: checking how to recognise dependent libraries
configure:4395: result: pass_all
configure:4407: checking command to parse /usr/bin/nm -B output
configure:4491: gcc -c -g -O2  conftest.c >&5
configure:4494: $? = 0
configure:4498: /usr/bin/nm -B conftest.o \| sed -n -e 's/^.*[ 	]\([ABCDGISTW][ABCDGISTW]*\)[ 	][ 	]*\(\)\([_A-Za-z][_A-Za-z0-9]*\)$/\1 \2\3 \3/p' \> conftest.nm
configure:4501: $? = 0
configure:4553: gcc -o conftest -g -O2   conftest.c conftstm.o >&5
configure:4556: $? = 0
configure:4600: result: ok
configure:4618: checking dlfcn.h usability
configure:4631: gcc -c -g -O2  conftest.c >&5
configure:4634: $? = 0
configure:4637: test -s conftest.o
configure:4640: $? = 0
configure:4650: result: yes
configure:4654: checking dlfcn.h presence
configure:4665: gcc -E  conftest.c
configure:4671: $? = 0
configure:4690: result: yes
configure:4726: checking for dlfcn.h
configure:4733: result: yes
configure:4931: checking for ranlib
configure:4947: found /usr/bin/ranlib
configure:4958: result: ranlib
configure:5011: checking for strip
configure:5027: found /usr/bin/strip
configure:5038: result: strip
configure:5248: checking for objdir
configure:5259: result: .libs
configure:5276: checking for gcc option to produce PIC
configure:5422: result: -fPIC
configure:5426: checking if gcc PIC flag -fPIC works
configure:5450: gcc -c -g -O2 -fPIC -DPIC  conftest.c >&5
configure:5453: $? = 0
configure:5456: test -s conftest.o
configure:5459: $? = 0
configure:5497: result: yes
configure:5513: checking if gcc static flag -static works
configure:5538: gcc -o conftest -g -O2   -static conftest.c  >&5
configure:5541: $? = 0
configure:5544: test -s conftest
configure:5547: $? = 0
configure:5563: result: yes
configure:5575: checking if gcc supports -c -o file.o
configure:5595: gcc -c -g -O2 -o out/conftest2.o  conftest.c >&5
configure:5619: result: yes
configure:5624: checking if gcc supports -c -o file.lo
configure:5652: gcc -c -g -O2 -c -o conftest.lo  conftest.c >&5
configure:5655: $? = 0
configure:5658: test -s conftest.lo
configure:5661: $? = 0
configure:5683: result: yes
configure:5714: checking if gcc supports -fno-rtti -fno-exceptions
configure:5737: gcc -c -g -O2 -fno-rtti -fno-exceptions -c conftest.c  conftest.c >&5
cc1: warning: command line option '-fno-rtti' is valid for C++/ObjC++ but not for C
cc1: warning: command line option '-fno-rtti' is valid for C++/ObjC++ but not for C
configure:5740: $? = 0
configure:5743: test -s conftest.o
configure:5746: $? = 0
configure:5763: result: yes
configure:5774: checking whether the linker (/usr/bin/ld) supports shared libraries
configure:6469: result: yes
configure:6474: checking how to hardcode library paths into programs
configure:6498: result: immediate
configure:6503: checking whether stripping libraries is possible
configure:6508: result: yes
configure:6519: checking dynamic linker characteristics
configure:6780: gcc -c -g -O2  conftest.c >&5
configure:6783: $? = 0
configure:6950: result: GNU/Linux ld.so
configure:6955: checking if libtool supports shared libraries
configure:6957: result: yes
configure:6960: checking whether to build shared libraries
configure:6981: result: yes
configure:6984: checking whether to build static libraries
configure:6988: result: yes
configure:7662: checking whether -lc should be explicitly linked in
configure:7670: gcc -c -g -O2  conftest.c >&5
configure:7673: $? = 0
configure:7687: gcc -shared conftest.o  -v -Wl,-soname -Wl,conftest -o conftest 2\>\&1 \| grep  -lc  \>/dev/null 2\>\&1
configure:7690: $? = 0
configure:7703: result: no
configure:8277: checking whether to enable maintainer-specific portions of Makefiles
configure:8286: result: no
configure:8350: checking zlib.h usability
configure:8363: gcc -c -g -O2  conftest.c >&5
configure:8366: $? = 0
configure:8369: test -s conftest.o
configure:8372: $? = 0
configure:8382: result: yes
configure:8386: checking zlib.h presence
configure:8397: gcc -E  conftest.c
configure:8403: $? = 0
configure:8422: result: yes
configure:8458: checking for zlib.h
configure:8465: result: yes
configure:8473: checking for gzread in -lz
configure:8504: gcc -o conftest -g -O2   conftest.c -lz   >&5
configure:8507: $? = 0
configure:8510: test -s conftest
configure:8513: $? = 0
configure:8525: result: yes
configure:8567: checking for dirent.h that defines DIR
configure:8592: gcc -c -g -O2  conftest.c >&5
configure:8595: $? = 0
configure:8598: test -s conftest.o
configure:8601: $? = 0
configure:8612: result: yes
configure:8625: checking for library containing opendir
configure:8656: gcc -o conftest -g -O2   conftest.c  >&5
configure:8659: $? = 0
configure:8662: test -s conftest
configure:8665: $? = 0
configure:8724: result: none required
configure:8840: checking for ANSI C header files
configure:8990: result: yes
configure:9014: checking fcntl.h usability
configure:9027: gcc -c -g -O2  conftest.c >&5
configure:9030: $? = 0
configure:9033: test -s conftest.o
configure:9036: $? = 0
configure:9046: result: yes
configure:9050: checking fcntl.h presence
configure:9061: gcc -E  conftest.c
configure:9067: $? = 0
configure:9086: result: yes
configure:9122: checking for fcntl.h
configure:9129: result: yes
configure:9147: checking for unistd.h
configure:9152: result: yes
configure:9298: checking ctype.h usability
configure:9311: gcc -c -g -O2  conftest.c >&5
configure:9314: $? = 0
configure:9317: test -s conftest.o
configure:9320: $? = 0
configure:9330: result: yes
configure:9334: checking ctype.h presence
configure:9345: gcc -E  conftest.c
configure:9351: $? = 0
configure:9370: result: yes
configure:9406: checking for ctype.h
configure:9413: result: yes
configure:9440: checking dirent.h usability
configure:9453: gcc -c -g -O2  conftest.c >&5
configure:9456: $? = 0
configure:9459: test -s conftest.o
configure:9462: $? = 0
configure:9472: result: yes
configure:9476: checking dirent.h presence
configure:9487: gcc -E  conftest.c
configure:9493: $? = 0
configure:9512: result: yes
configure:9548: checking for dirent.h
configure:9555: result: yes
configure:9582: checking errno.h usability
configure:9595: gcc -c -g -O2  conftest.c >&5
configure:9598: $? = 0
configure:9601: test -s conftest.o
configure:9604: $? = 0
configure:9614: result: yes
configure:9618: checking errno.h presence
configure:9629: gcc -E  conftest.c
configure:9635: $? = 0
configure:9654: result: yes
configure:9690: checking for errno.h
configure:9697: result: yes
configure:9724: checking malloc.h usability
configure:9737: gcc -c -g -O2  conftest.c >&5
configure:9740: $? = 0
configure:9743: test -s conftest.o
configure:9746: $? = 0
configure:9756: result: yes
configure:9760: checking malloc.h presence
configure:9771: gcc -E  conftest.c
configure:9777: $? = 0
configure:9796: result: yes
configure:9832: checking for malloc.h
configure:9839: result: yes
configure:9866: checking stdarg.h usability
configure:9879: gcc -c -g -O2  conftest.c >&5
configure:9882: $? = 0
configure:9885: test -s conftest.o
configure:9888: $? = 0
configure:9898: result: yes
configure:9902: checking stdarg.h presence
configure:9913: gcc -E  conftest.c
configure:9919: $? = 0
configure:9938: result: yes
configure:9974: checking for stdarg.h
configure:9981: result: yes
configure:9999: checking for sys/stat.h
configure:10004: result: yes
configure:10141: checking for sys/types.h
configure:10146: result: yes
configure:10292: checking time.h usability
configure:10305: gcc -c -g -O2  conftest.c >&5
configure:10308: $? = 0
configure:10311: test -s conftest.o
configure:10314: $? = 0
configure:10324: result: yes
configure:10328: checking time.h presence
configure:10339: gcc -E  conftest.c
configure:10345: $? = 0
configure:10364: result: yes
configure:10400: checking for time.h
configure:10407: result: yes
configure:10434: checking ansidecl.h usability
configure:10447: gcc -c -g -O2  conftest.c >&5
configure:10507:22: fatal error: ansidecl.h: No such file or directory
 echo "${ECHO_T}$ac_header_preproc" >&6
                      ^
compilation terminated.
configure:10450: $? = 1
configure: failed program was:
| #line 10436 "configure"
| /* confdefs.h.  */
| 
| #define PACKAGE_NAME ""
| #define PACKAGE_TARNAME ""
| #define PACKAGE_VERSION ""
| #define PACKAGE_STRING ""
| #define PACKAGE_BUGREPORT ""
| #define PACKAGE "libxml2"
| #define VERSION "2.6.2"
| #define HAVE_SYS_TYPES_H 1
| #define HAVE_SYS_STAT_H 1
| #define HAVE_STDLIB_H 1
| #define HAVE_STRING_H 1
| #define HAVE_MEMORY_H 1
| #define HAVE_STRINGS_H 1
| #define HAVE_INTTYPES_H 1
| #define HAVE_STDINT_H 1
| #define HAVE_UNISTD_H 1
| #define PROTOTYPES 1
| #define STDC_HEADERS 1
| #define HAVE_STRING_H 1
| #define HAVE_DLFCN_H 1
| #define HAVE_ZLIB_H 1
| #define HAVE_LIBZ
| #define HAVE_DIRENT_H 1
| #define STDC_HEADERS 1
| #define HAVE_FCNTL_H 1
| #define HAVE_UNISTD_H 1
| #define HAVE_CTYPE_H 1
| #define HAVE_DIRENT_H 1
| #define HAVE_ERRNO_H 1
| #define HAVE_MALLOC_H 1
| #define HAVE_STDARG_H 1
| #define HAVE_SYS_STAT_H 1
| #define HAVE_SYS_TYPES_H 1
| #define HAVE_TIME_H 1
| /* end confdefs.h.  */
| #include <stdio.h>
| #if HAVE_SYS_TYPES_H
| # include <sys/types.h>
| #endif
| #if HAVE_SYS_STAT_H
| # include <sys/stat.h>
| #endif
| #if STDC_HEADERS
| # include <stdlib.h>
| # include <stddef.h>
| #else
| # if HAVE_STDLIB_H
| #  include <stdlib.h>
| # endif
| #endif
| #if HAVE_STRING_H
| # if !STDC_HEADERS && HAVE_MEMORY_H
| #  include <memory.h>
| # endif
| # include <string.h>
| #endif
| #if HAVE_STRINGS_H
| # include <strings.h>
| #endif
| #if HAVE_INTTYPES_H
| # include <inttypes.h>
| #else
| # if HAVE_STDINT_H
| #  include <stdint.h>
| # endif
| #endif
| #if HAVE_UNISTD_H
| # include <unistd.h>
| #endif
| #include <ansidecl.h>
configure:10466: result: no
configure:10470: checking ansidecl.h presence
configure:10481: gcc -E  conftest.c
configure:10509:22: fatal error: ansidecl.h: No such file or directory
 # So?  What about this header?
                      ^
compilation terminated.
configure:10487: $? = 1
configure: failed program was:
| #line 10472 "configure"
| /* confdefs.h.  */
| 
| #define PACKAGE_NAME ""
| #define PACKAGE_TARNAME ""
| #define PACKAGE_VERSION ""
| #define PACKAGE_STRING ""
| #define PACKAGE_BUGREPORT ""
| #define PACKAGE "libxml2"
| #define VERSION "2.6.2"
| #define HAVE_SYS_TYPES_H 1
| #define HAVE_SYS_STAT_H 1
| #define HAVE_STDLIB_H 1
| #define HAVE_STRING_H 1
| #define HAVE_MEMORY_H 1
| #define HAVE_STRINGS_H 1
| #define HAVE_INTTYPES_H 1
| #define HAVE_STDINT_H 1
| #define HAVE_UNISTD_H 1
| #define PROTOTYPES 1
| #define STDC_HEADERS 1
| #define HAVE_STRING_H 1
| #define HAVE_DLFCN_H 1
| #define HAVE_ZLIB_H 1
| #define HAVE_LIBZ
| #define HAVE_DIRENT_H 1
| #define STDC_HEADERS 1
| #define HAVE_FCNTL_H 1
| #define HAVE_UNISTD_H 1
| #define HAVE_CTYPE_H 1
| #define HAVE_DIRENT_H 1
| #define HAVE_ERRNO_H 1
| #define HAVE_MALLOC_H 1
| #define HAVE_STDARG_H 1
| #define HAVE_SYS_STAT_H 1
| #define HAVE_SYS_TYPES_H 1
| #define HAVE_TIME_H 1
| /* end confdefs.h.  */
| #include <ansidecl.h>
configure:10506: result: no
configure:10542: checking for ansidecl.h
configure:10549: result: no
configure:10576: checking ieeefp.h usability
configure:10589: gcc -c -g -O2  conftest.c >&5
configure:10649:20: fatal error: ieeefp.h: No such file or directory
 echo "${ECHO_T}$ac_header_preproc" >&6
                    ^
compilation terminated.
configure:10592: $? = 1
configure: failed program was:
| #line 10578 "configure"
| /* confdefs.h.  */
| 
| #define PACKAGE_NAME ""
| #define PACKAGE_TARNAME ""
| #define PACKAGE_VERSION ""
| #define PACKAGE_STRING ""
| #define PACKAGE_BUGREPORT ""
| #define PACKAGE "libxml2"
| #define VERSION "2.6.2"
| #define HAVE_SYS_TYPES_H 1
| #define HAVE_SYS_STAT_H 1
| #define HAVE_STDLIB_H 1
| #define HAVE_STRING_H 1
| #define HAVE_MEMORY_H 1
| #define HAVE_STRINGS_H 1
| #define HAVE_INTTYPES_H 1
| #define HAVE_STDINT_H 1
| #define HAVE_UNISTD_H 1
| #define PROTOTYPES 1
| #define STDC_HEADERS 1
| #define HAVE_STRING_H 1
| #define HAVE_DLFCN_H 1
| #define HAVE_ZLIB_H 1
| #define HAVE_LIBZ
| #define HAVE_DIRENT_H 1
| #define STDC_HEADERS 1
| #define HAVE_FCNTL_H 1
| #define HAVE_UNISTD_H 1
| #define HAVE_CTYPE_H 1
| #define HAVE_DIRENT_H 1
| #define HAVE_ERRNO_H 1
| #define HAVE_MALLOC_H 1
| #define HAVE_STDARG_H 1
| #define HAVE_SYS_STAT_H 1
| #define HAVE_SYS_TYPES_H 1
| #define HAVE_TIME_H 1
| /* end confdefs.h.  */
| #include <stdio.h>
| #if HAVE_SYS_TYPES_H
| # include <sys/types.h>
| #endif
| #if HAVE_SYS_STAT_H
| # include <sys/stat.h>
| #endif
| #if STDC_HEADERS
| # include <stdlib.h>
| # include <stddef.h>
| #else
| # if HAVE_STDLIB_H
| #  include <stdlib.h>
| # endif
| #endif
| #if HAVE_STRING_H
| # if !STDC_HEADERS && HAVE_MEMORY_H
| #  include <memory.h>
| # endif
| # include <string.h>
| #endif
| #if HAVE_STRINGS_H
| # include <strings.h>
| #endif
| #if HAVE_INTTYPES_H
| # include <inttypes.h>
| #else
| # if HAVE_STDINT_H
| #  include <stdint.h>
| # endif
| #endif
| #if HAVE_UNISTD_H
| # include <unistd.h>
| #endif
| #include <ieeefp.h>
configure:10608: result: no
configure:10612: checking ieeefp.h presence
configure:10623: gcc -E  conftest.c
configure:10651:20: fatal error: ieeefp.h: No such file or directory
 # So?  What about this header?
                    ^
compilation terminated.
configure:10629: $? = 1
configure: failed program was:
| #line 10614 "configure"
| /* confdefs.h.  */
| 
| #define PACKAGE_NAME ""
| #define PACKAGE_TARNAME ""
| #define PACKAGE_VERSION ""
| #define PACKAGE_STRING ""
| #define PACKAGE_BUGREPORT ""
| #define PACKAGE "libxml2"
| #define VERSION "2.6.2"
| #define HAVE_SYS_TYPES_H 1
| #define HAVE_SYS_STAT_H 1
| #define HAVE_STDLIB_H 1
| #define HAVE_STRING_H 1
| #define HAVE_MEMORY_H 1
| #define HAVE_STRINGS_H 1
| #define HAVE_INTTYPES_H 1
| #define HAVE_STDINT_H 1
| #define HAVE_UNISTD_H 1
| #define PROTOTYPES 1
| #define STDC_HEADERS 1
| #define HAVE_STRING_H 1
| #define HAVE_DLFCN_H 1
| #define HAVE_ZLIB_H 1
| #define HAVE_LIBZ
| #define HAVE_DIRENT_H 1
| #define STDC_HEADERS 1
| #define HAVE_FCNTL_H 1
| #define HAVE_UNISTD_H 1
| #define HAVE_CTYPE_H 1
| #define HAVE_DIRENT_H 1
| #define HAVE_ERRNO_H 1
| #define HAVE_MALLOC_H 1
| #define HAVE_STDARG_H 1
| #define HAVE_SYS_STAT_H 1
| #define HAVE_SYS_TYPES_H 1
| #define HAVE_TIME_H 1
| /* end confdefs.h.  */
| #include <ieeefp.h>
configure:10648: result: no
configure:10684: checking for ieeefp.h
configure:10691: result: no
configure:10718: checking nan.h usability
configure:10731: gcc -c -g -O2  conftest.c >&5
configure:10791:17: fatal error: nan.h: No such file or directory
 echo "${ECHO_T}$ac_header_preproc" >&6
                 ^
compilation terminated.
configure:10734: $? = 1
configure: failed program was:
| #line 10720 "configure"
| /* confdefs.h.  */
| 
| #define PACKAGE_NAME ""
| #define PACKAGE_TARNAME ""
| #define PACKAGE_VERSION ""
| #define PACKAGE_STRING ""
| #define PACKAGE_BUGREPORT ""
| #define PACKAGE "libxml2"
| #define VERSION "2.6.2"
| #define HAVE_SYS_TYPES_H 1
| #define HAVE_SYS_STAT_H 1
| #define HAVE_STDLIB_H 1
| #define HAVE_STRING_H 1
| #define HAVE_MEMORY_H 1
| #define HAVE_STRINGS_H 1
| #define HAVE_INTTYPES_H 1
| #define HAVE_STDINT_H 1
| #define HAVE_UNISTD_H 1
| #define PROTOTYPES 1
| #define STDC_HEADERS 1
| #define HAVE_STRING_H 1
| #define HAVE_DLFCN_H 1
| #define HAVE_ZLIB_H 1
| #define HAVE_LIBZ
| #define HAVE_DIRENT_H 1
| #define STDC_HEADERS 1
| #define HAVE_FCNTL_H 1
| #define HAVE_UNISTD_H 1
| #define HAVE_CTYPE_H 1
| #define HAVE_DIRENT_H 1
| #define HAVE_ERRNO_H 1
| #define HAVE_MALLOC_H 1
| #define HAVE_STDARG_H 1
| #define HAVE_SYS_STAT_H 1
| #define HAVE_SYS_TYPES_H 1
| #define HAVE_TIME_H 1
| /* end confdefs.h.  */
| #include <stdio.h>
| #if HAVE_SYS_TYPES_H
| # include <sys/types.h>
| #endif
| #if HAVE_SYS_STAT_H
| # include <sys/stat.h>
| #endif
| #if STDC_HEADERS
| # include <stdlib.h>
| # include <stddef.h>
| #else
| # if HAVE_STDLIB_H
| #  include <stdlib.h>
| # endif
| #endif
| #if HAVE_STRING_H
| # if !STDC_HEADERS && HAVE_MEMORY_H
| #  include <memory.h>
| # endif
| # include <string.h>
| #endif
| #if HAVE_STRINGS_H
| # include <strings.h>
| #endif
| #if HAVE_INTTYPES_H
| # include <inttypes.h>
| #else
| # if HAVE_STDINT_H
| #  include <stdint.h>
| # endif
| #endif
| #if HAVE_UNISTD_H
| # include <unistd.h>
| #endif
| #include <nan.h>
configure:10750: result: no
configure:10754: checking nan.h presence
configure:10765: gcc -E  conftest.c
configure:10793:17: fatal error: nan.h: No such file or directory
 # So?  What about this header?
                 ^
compilation terminated.
configure:10771: $? = 1
configure: failed program was:
| #line 10756 "configure"
| /* confdefs.h.  */
| 
| #define PACKAGE_NAME ""
| #define PACKAGE_TARNAME ""
| #define PACKAGE_VERSION ""
| #define PACKAGE_STRING ""
| #define PACKAGE_BUGREPORT ""
| #define PACKAGE "libxml2"
| #define VERSION "2.6.2"
| #define HAVE_SYS_TYPES_H 1
| #define HAVE_SYS_STAT_H 1
| #define HAVE_STDLIB_H 1
| #define HAVE_STRING_H 1
| #define HAVE_MEMORY_H 1
| #define HAVE_STRINGS_H 1
| #define HAVE_INTTYPES_H 1
| #define HAVE_STDINT_H 1
| #define HAVE_UNISTD_H 1
| #define PROTOTYPES 1
| #define STDC_HEADERS 1
| #define HAVE_STRING_H 1
| #define HAVE_DLFCN_H 1
| #define HAVE_ZLIB_H 1
| #define HAVE_LIBZ
| #define HAVE_DIRENT_H 1
| #define STDC_HEADERS 1
| #define HAVE_FCNTL_H 1
| #define HAVE_UNISTD_H 1
| #define HAVE_CTYPE_H 1
| #define HAVE_DIRENT_H 1
| #define HAVE_ERRNO_H 1
| #define HAVE_MALLOC_H 1
| #define HAVE_STDARG_H 1
| #define HAVE_SYS_STAT_H 1
| #define HAVE_SYS_TYPES_H 1
| #define HAVE_TIME_H 1
| /* end confdefs.h.  */
| #include <nan.h>
configure:10790: result: no
configure:10826: checking for nan.h
configure:10833: result: no
configure:10860: checking math.h usability
configure:10873: gcc -c -g -O2  conftest.c >&5
configure:10876: $? = 0
configure:10879: test -s conftest.o
configure:10882: $? = 0
configure:10892: result: yes
configure:10896: checking math.h presence
configure:10907: gcc -E  conftest.c
configure:10913: $? = 0
configure:10932: result: yes
configure:10968: checking for math.h
configure:10975: result: yes
configure:11002: checking fp_class.h usability
configure:11015: gcc -c -g -O2  conftest.c >&5
configure:11076:22: fatal error: fp_class.h: No such file or directory
compilation terminated.
configure:11018: $? = 1
configure: failed program was:
| #line 11004 "configure"
| /* confdefs.h.  */
| 
| #define PACKAGE_NAME ""
| #define PACKAGE_TARNAME ""
| #define PACKAGE_VERSION ""
| #define PACKAGE_STRING ""
| #define PACKAGE_BUGREPORT ""
| #define PACKAGE "libxml2"
| #define VERSION "2.6.2"
| #define HAVE_SYS_TYPES_H 1
| #define HAVE_SYS_STAT_H 1
| #define HAVE_STDLIB_H 1
| #define HAVE_STRING_H 1
| #define HAVE_MEMORY_H 1
| #define HAVE_STRINGS_H 1
| #define HAVE_INTTYPES_H 1
| #define HAVE_STDINT_H 1
| #define HAVE_UNISTD_H 1
| #define PROTOTYPES 1
| #define STDC_HEADERS 1
| #define HAVE_STRING_H 1
| #define HAVE_DLFCN_H 1
| #define HAVE_ZLIB_H 1
| #define HAVE_LIBZ
| #define HAVE_DIRENT_H 1
| #define STDC_HEADERS 1
| #define HAVE_FCNTL_H 1
| #define HAVE_UNISTD_H 1
| #define HAVE_CTYPE_H 1
| #define HAVE_DIRENT_H 1
| #define HAVE_ERRNO_H 1
| #define HAVE_MALLOC_H 1
| #define HAVE_STDARG_H 1
| #define HAVE_SYS_STAT_H 1
| #define HAVE_SYS_TYPES_H 1
| #define HAVE_TIME_H 1
| #define HAVE_MATH_H 1
| /* end confdefs.h.  */
| #include <stdio.h>
| #if HAVE_SYS_TYPES_H
| # include <sys/types.h>
| #endif
| #if HAVE_SYS_STAT_H
| # include <sys/stat.h>
| #endif
| #if STDC_HEADERS
| # include <stdlib.h>
| # include <stddef.h>
| #else
| # if HAVE_STDLIB_H
| #  include <stdlib.h>
| # endif
| #endif
| #if HAVE_STRING_H
| # if !STDC_HEADERS && HAVE_MEMORY_H
| #  include <memory.h>
| # endif
| # include <string.h>
| #endif
| #if HAVE_STRINGS_H
| # include <strings.h>
| #endif
| #if HAVE_INTTYPES_H
| # include <inttypes.h>
| #else
| # if HAVE_STDINT_H
| #  include <stdint.h>
| # endif
| #endif
| #if HAVE_UNISTD_H
| # include <unistd.h>
| #endif
| #include <fp_class.h>
configure:11034: result: no
configure:11038: checking fp_class.h presence
configure:11049: gcc -E  conftest.c
configure:11078:22: fatal error: fp_class.h: No such file or directory
 case $ac_header_compiler:$ac_header_preproc in
                      ^
compilation terminated.
configure:11055: $? = 1
configure: failed program was:
| #line 11040 "configure"
| /* confdefs.h.  */
| 
| #define PACKAGE_NAME ""
| #define PACKAGE_TARNAME ""
| #define PACKAGE_VERSION ""
| #define PACKAGE_STRING ""
| #define PACKAGE_BUGREPORT ""
| #define PACKAGE "libxml2"
| #define VERSION "2.6.2"
| #define HAVE_SYS_TYPES_H 1
| #define HAVE_SYS_STAT_H 1
| #define HAVE_STDLIB_H 1
| #define HAVE_STRING_H 1
| #define HAVE_MEMORY_H 1
| #define HAVE_STRINGS_H 1
| #define HAVE_INTTYPES_H 1
| #define HAVE_STDINT_H 1
| #define HAVE_UNISTD_H 1
| #define PROTOTYPES 1
| #define STDC_HEADERS 1
| #define HAVE_STRING_H 1
| #define HAVE_DLFCN_H 1
| #define HAVE_ZLIB_H 1
| #define HAVE_LIBZ
| #define HAVE_DIRENT_H 1
| #define STDC_HEADERS 1
| #define HAVE_FCNTL_H 1
| #define HAVE_UNISTD_H 1
| #define HAVE_CTYPE_H 1
| #define HAVE_DIRENT_H 1
| #define HAVE_ERRNO_H 1
| #define HAVE_MALLOC_H 1
| #define HAVE_STDARG_H 1
| #define HAVE_SYS_STAT_H 1
| #define HAVE_SYS_TYPES_H 1
| #define HAVE_TIME_H 1
| #define HAVE_MATH_H 1
| /* end confdefs.h.  */
| #include <fp_class.h>
configure:11074: result: no
configure:11110: checking for fp_class.h
configure:11117: result: no
configure:11144: checking float.h usability
configure:11157: gcc -c -g -O2  conftest.c >&5
configure:11160: $? = 0
configure:11163: test -s conftest.o
configure:11166: $? = 0
configure:11176: result: yes
configure:11180: checking float.h presence
configure:11191: gcc -E  conftest.c
configure:11197: $? = 0
configure:11216: result: yes
configure:11252: checking for float.h
configure:11259: result: yes
configure:11277: checking for stdlib.h
configure:11282: result: yes
configure:11418: checking for sys/socket.h
configure:11438: gcc -c -g -O2  conftest.c >&5
configure:11441: $? = 0
configure:11444: test -s conftest.o
configure:11447: $? = 0
configure:11458: result: yes
configure:11473: checking for netinet/in.h
configure:11493: gcc -c -g -O2  conftest.c >&5
configure:11496: $? = 0
configure:11499: test -s conftest.o
configure:11502: $? = 0
configure:11513: result: yes
configure:11528: checking for arpa/inet.h
configure:11551: gcc -c -g -O2  conftest.c >&5
configure:11554: $? = 0
configure:11557: test -s conftest.o
configure:11560: $? = 0
configure:11571: result: yes
configure:11596: checking netdb.h usability
configure:11609: gcc -c -g -O2  conftest.c >&5
configure:11612: $? = 0
configure:11615: test -s conftest.o
configure:11618: $? = 0
configure:11628: result: yes
configure:11632: checking netdb.h presence
configure:11643: gcc -E  conftest.c
configure:11649: $? = 0
configure:11668: result: yes
configure:11704: checking for netdb.h
configure:11711: result: yes
configure:11738: checking sys/time.h usability
configure:11751: gcc -c -g -O2  conftest.c >&5
configure:11754: $? = 0
configure:11757: test -s conftest.o
configure:11760: $? = 0
configure:11770: result: yes
configure:11774: checking sys/time.h presence
configure:11785: gcc -E  conftest.c
configure:11791: $? = 0
configure:11810: result: yes
configure:11846: checking for sys/time.h
configure:11853: result: yes
configure:11880: checking sys/select.h usability
configure:11893: gcc -c -g -O2  conftest.c >&5
configure:11896: $? = 0
configure:11899: test -s conftest.o
configure:11902: $? = 0
configure:11912: result: yes
configure:11916: checking sys/select.h presence
configure:11927: gcc -E  conftest.c
configure:11933: $? = 0
configure:11952: result: yes
configure:11988: checking for sys/select.h
configure:11995: result: yes
configure:12022: checking sys/mman.h usability
configure:12035: gcc -c -g -O2  conftest.c >&5
configure:12038: $? = 0
configure:12041: test -s conftest.o
configure:12044: $? = 0
configure:12054: result: yes
configure:12058: checking sys/mman.h presence
configure:12069: gcc -E  conftest.c
configure:12075: $? = 0
configure:12094: result: yes
configure:12130: checking for sys/mman.h
configure:12137: result: yes
configure:12164: checking sys/timeb.h usability
configure:12177: gcc -c -g -O2  conftest.c >&5
configure:12180: $? = 0
configure:12183: test -s conftest.o
configure:12186: $? = 0
configure:12196: result: yes
configure:12200: checking sys/timeb.h presence
configure:12211: gcc -E  conftest.c
configure:12217: $? = 0
configure:12236: result: yes
configure:12272: checking for sys/timeb.h
configure:12279: result: yes
configure:12306: checking signal.h usability
configure:12319: gcc -c -g -O2  conftest.c >&5
configure:12322: $? = 0
configure:12325: test -s conftest.o
configure:12328: $? = 0
configure:12338: result: yes
configure:12342: checking signal.h presence
configure:12353: gcc -E  conftest.c
configure:12359: $? = 0
configure:12378: result: yes
configure:12414: checking for signal.h
configure:12421: result: yes
configure:12438: checking for arpa/nameser.h
configure:12458: gcc -c -g -O2  conftest.c >&5
configure:12461: $? = 0
configure:12464: test -s conftest.o
configure:12467: $? = 0
configure:12478: result: yes
configure:12493: checking for resolv.h
configure:12519: gcc -c -g -O2  conftest.c >&5
configure:12522: $? = 0
configure:12525: test -s conftest.o
configure:12528: $? = 0
configure:12539: result: yes
configure:12563: checking for strftime
configure:12613: gcc -o conftest -g -O2   conftest.c  >&5
configure:12635:6: warning: conflicting types for built-in function 'strftime'
 if test `eval echo '${'$as_ac_var'}'` = yes; then
      ^
configure:12616: $? = 0
configure:12619: test -s conftest
configure:12622: $? = 0
configure:12633: result: yes
configure:12713: checking for strdup
configure:12763: gcc -o conftest -g -O2   conftest.c  >&5
configure:12786:6: warning: conflicting types for built-in function 'strdup'
   cat >>confdefs.h <<_ACEOF
      ^
configure:12766: $? = 0
configure:12769: test -s conftest
configure:12772: $? = 0
configure:12783: result: yes
configure:12713: checking for strndup
configure:12763: gcc -o conftest -g -O2   conftest.c  >&5
configure:12787:6: warning: conflicting types for built-in function 'strndup'
 #define `echo "HAVE_$ac_func" | $as_tr_cpp` 1
      ^
configure:12766: $? = 0
configure:12769: test -s conftest
configure:12772: $? = 0
configure:12783: result: yes
configure:12713: checking for strerror
configure:12763: gcc -o conftest -g -O2   conftest.c  >&5
configure:12766: $? = 0
configure:12769: test -s conftest
configure:12772: $? = 0
configure:12783: result: yes
configure:12801: checking for finite
configure:12851: gcc -o conftest -g -O2   conftest.c  >&5
configure:12877:6: warning: conflicting types for built-in function 'finite'
configure:12854: $? = 0
configure:12857: test -s conftest
configure:12860: $? = 0
configure:12871: result: yes
configure:12801: checking for isnand
configure:12851: gcc -o conftest -g -O2   conftest.c  >&5
/tmp/ccld8w8v.o:(.data+0x0): undefined reference to `isnand'
/tmp/ccld8w8v.o: In function `main':
/mnt/hgfs/cnc_fwa/libxml2-2.6.2/libxml2-2.6.2/configure:12893: undefined reference to `isnand'
collect2: error: ld returned 1 exit status
configure:12854: $? = 1
configure: failed program was:
| #line 12806 "configure"
| /* confdefs.h.  */
| 
| #define PACKAGE_NAME ""
| #define PACKAGE_TARNAME ""
| #define PACKAGE_VERSION ""
| #define PACKAGE_STRING ""
| #define PACKAGE_BUGREPORT ""
| #define PACKAGE "libxml2"
| #define VERSION "2.6.2"
| #define HAVE_SYS_TYPES_H 1
| #define HAVE_SYS_STAT_H 1
| #define HAVE_STDLIB_H 1
| #define HAVE_STRING_H 1
| #define HAVE_MEMORY_H 1
| #define HAVE_STRINGS_H 1
| #define HAVE_INTTYPES_H 1
| #define HAVE_STDINT_H 1
| #define HAVE_UNISTD_H 1
| #define PROTOTYPES 1
| #define STDC_HEADERS 1
| #define HAVE_STRING_H 1
| #define HAVE_DLFCN_H 1
| #define HAVE_ZLIB_H 1
| #define HAVE_LIBZ
| #define HAVE_DIRENT_H 1
| #define STDC_HEADERS 1
| #define HAVE_FCNTL_H 1
| #define HAVE_UNISTD_H 1
| #define HAVE_CTYPE_H 1
| #define HAVE_DIRENT_H 1
| #define HAVE_ERRNO_H 1
| #define HAVE_MALLOC_H 1
| #define HAVE_STDARG_H 1
| #define HAVE_SYS_STAT_H 1
| #define HAVE_SYS_TYPES_H 1
| #define HAVE_TIME_H 1
| #define HAVE_MATH_H 1
| #define HAVE_FLOAT_H 1
| #define HAVE_STDLIB_H 1
| #define HAVE_SYS_SOCKET_H 1
| #define HAVE_NETINET_IN_H 1
| #define HAVE_ARPA_INET_H 1
| #define HAVE_NETDB_H 1
| #define HAVE_SYS_TIME_H 1
| #define HAVE_SYS_SELECT_H 1
| #define HAVE_SYS_MMAN_H 1
| #define HAVE_SYS_TIMEB_H 1
| #define HAVE_SIGNAL_H 1
| #define HAVE_ARPA_NAMESER_H 1
| #define HAVE_RESOLV_H 1
| #define HAVE_STRFTIME 1
| #define HAVE_STRDUP 1
| #define HAVE_STRNDUP 1
| #define HAVE_STRERROR 1
| #define HAVE_FINITE 1
| /* end confdefs.h.  */
| /* System header to define __stub macros and hopefully few prototypes,
|     which can conflict with char isnand (); below.
|     Prefer <limits.h> to <assert.h> if __STDC__ is defined, since
|     <limits.h> exists even on freestanding compilers.  */
| #ifdef __STDC__
| # include <limits.h>
| #else
| # include <assert.h>
| #endif
| /* Override any gcc2 internal prototype to avoid an error.  */
| #ifdef __cplusplus
| extern "C"
| {
| #endif
| /* We use char because int might match the return type of a gcc2
|    builtin and then its argument prototype would still apply.  */
| char isnand ();
| /* The GNU C library defines this for functions which it implements
|     to always fail with ENOSYS.  Some functions are actually named
|     something starting with __ and the normal name is an alias.  */
| #if defined (__stub_isnand) || defined (__stub___isnand)
| choke me
| #else
| char (*f) () = isnand;
| #endif
| #ifdef __cplusplus
| }
| #endif
| 
| int
| main ()
| {
| return f != isnand;
|   ;
|   return 0;
| }
configure:12871: result: no
configure:12801: checking for fp_class
configure:12851: gcc -o conftest -g -O2   conftest.c  >&5
/tmp/ccC4JPFI.o:(.data+0x0): undefined reference to `fp_class'
/tmp/ccC4JPFI.o: In function `main':
/mnt/hgfs/cnc_fwa/libxml2-2.6.2/libxml2-2.6.2/configure:12893: undefined reference to `fp_class'
collect2: error: ld returned 1 exit status
configure:12854: $? = 1
configure: failed program was:
| #line 12806 "configure"
| /* confdefs.h.  */
| 
| #define PACKAGE_NAME ""
| #define PACKAGE_TARNAME ""
| #define PACKAGE_VERSION ""
| #define PACKAGE_STRING ""
| #define PACKAGE_BUGREPORT ""
| #define PACKAGE "libxml2"
| #define VERSION "2.6.2"
| #define HAVE_SYS_TYPES_H 1
| #define HAVE_SYS_STAT_H 1
| #define HAVE_STDLIB_H 1
| #define HAVE_STRING_H 1
| #define HAVE_MEMORY_H 1
| #define HAVE_STRINGS_H 1
| #define HAVE_INTTYPES_H 1
| #define HAVE_STDINT_H 1
| #define HAVE_UNISTD_H 1
| #define PROTOTYPES 1
| #define STDC_HEADERS 1
| #define HAVE_STRING_H 1
| #define HAVE_DLFCN_H 1
| #define HAVE_ZLIB_H 1
| #define HAVE_LIBZ
| #define HAVE_DIRENT_H 1
| #define STDC_HEADERS 1
| #define HAVE_FCNTL_H 1
| #define HAVE_UNISTD_H 1
| #define HAVE_CTYPE_H 1
| #define HAVE_DIRENT_H 1
| #define HAVE_ERRNO_H 1
| #define HAVE_MALLOC_H 1
| #define HAVE_STDARG_H 1
| #define HAVE_SYS_STAT_H 1
| #define HAVE_SYS_TYPES_H 1
| #define HAVE_TIME_H 1
| #define HAVE_MATH_H 1
| #define HAVE_FLOAT_H 1
| #define HAVE_STDLIB_H 1
| #define HAVE_SYS_SOCKET_H 1
| #define HAVE_NETINET_IN_H 1
| #define HAVE_ARPA_INET_H 1
| #define HAVE_NETDB_H 1
| #define HAVE_SYS_TIME_H 1
| #define HAVE_SYS_SELECT_H 1
| #define HAVE_SYS_MMAN_H 1
| #define HAVE_SYS_TIMEB_H 1
| #define HAVE_SIGNAL_H 1
| #define HAVE_ARPA_NAMESER_H 1
| #define HAVE_RESOLV_H 1
| #define HAVE_STRFTIME 1
| #define HAVE_STRDUP 1
| #define HAVE_STRNDUP 1
| #define HAVE_STRERROR 1
| #define HAVE_FINITE 1
| /* end confdefs.h.  */
| /* System header to define __stub macros and hopefully few prototypes,
|     which can conflict with char fp_class (); below.
|     Prefer <limits.h> to <assert.h> if __STDC__ is defined, since
|     <limits.h> exists even on freestanding compilers.  */
| #ifdef __STDC__
| # include <limits.h>
| #else
| # include <assert.h>
| #endif
| /* Override any gcc2 internal prototype to avoid an error.  */
| #ifdef __cplusplus
| extern "C"
| {
| #endif
| /* We use char because int might match the return type of a gcc2
|    builtin and then its argument prototype would still apply.  */
| char fp_class ();
| /* The GNU C library defines this for functions which it implements
|     to always fail with ENOSYS.  Some functions are actually named
|     something starting with __ and the normal name is an alias.  */
| #if defined (__stub_fp_class) || defined (__stub___fp_class)
| choke me
| #else
| char (*f) () = fp_class;
| #endif
| #ifdef __cplusplus
| }
| #endif
| 
| int
| main ()
| {
| return f != fp_class;
|   ;
|   return 0;
| }
configure:12871: result: no
configure:12801: checking for class
configure:12851: gcc -o conftest -g -O2   conftest.c  >&5
/tmp/ccNYU1xO.o:(.data+0x0): undefined reference to `class'
/tmp/ccNYU1xO.o: In function `main':
/mnt/hgfs/cnc_fwa/libxml2-2.6.2/libxml2-2.6.2/configure:12893: undefined reference to `class'
collect2: error: ld returned 1 exit status
configure:12854: $? = 1
configure: failed program was:
| #line 12806 "configure"
| /* confdefs.h.  */
| 
| #define PACKAGE_NAME ""
| #define PACKAGE_TARNAME ""
| #define PACKAGE_VERSION ""
| #define PACKAGE_STRING ""
| #define PACKAGE_BUGREPORT ""
| #define PACKAGE "libxml2"
| #define VERSION "2.6.2"
| #define HAVE_SYS_TYPES_H 1
| #define HAVE_SYS_STAT_H 1
| #define HAVE_STDLIB_H 1
| #define HAVE_STRING_H 1
| #define HAVE_MEMORY_H 1
| #define HAVE_STRINGS_H 1
| #define HAVE_INTTYPES_H 1
| #define HAVE_STDINT_H 1
| #define HAVE_UNISTD_H 1
| #define PROTOTYPES 1
| #define STDC_HEADERS 1
| #define HAVE_STRING_H 1
| #define HAVE_DLFCN_H 1
| #define HAVE_ZLIB_H 1
| #define HAVE_LIBZ
| #define HAVE_DIRENT_H 1
| #define STDC_HEADERS 1
| #define HAVE_FCNTL_H 1
| #define HAVE_UNISTD_H 1
| #define HAVE_CTYPE_H 1
| #define HAVE_DIRENT_H 1
| #define HAVE_ERRNO_H 1
| #define HAVE_MALLOC_H 1
| #define HAVE_STDARG_H 1
| #define HAVE_SYS_STAT_H 1
| #define HAVE_SYS_TYPES_H 1
| #define HAVE_TIME_H 1
| #define HAVE_MATH_H 1
| #define HAVE_FLOAT_H 1
| #define HAVE_STDLIB_H 1
| #define HAVE_SYS_SOCKET_H 1
| #define HAVE_NETINET_IN_H 1
| #define HAVE_ARPA_INET_H 1
| #define HAVE_NETDB_H 1
| #define HAVE_SYS_TIME_H 1
| #define HAVE_SYS_SELECT_H 1
| #define HAVE_SYS_MMAN_H 1
| #define HAVE_SYS_TIMEB_H 1
| #define HAVE_SIGNAL_H 1
| #define HAVE_ARPA_NAMESER_H 1
| #define HAVE_RESOLV_H 1
| #define HAVE_STRFTIME 1
| #define HAVE_STRDUP 1
| #define HAVE_STRNDUP 1
| #define HAVE_STRERROR 1
| #define HAVE_FINITE 1
| /* end confdefs.h.  */
| /* System header to define __stub macros and hopefully few prototypes,
|     which can conflict with char class (); below.
|     Prefer <limits.h> to <assert.h> if __STDC__ is defined, since
|     <limits.h> exists even on freestanding compilers.  */
| #ifdef __STDC__
| # include <limits.h>
| #else
| # include <assert.h>
| #endif
| /* Override any gcc2 internal prototype to avoid an error.  */
| #ifdef __cplusplus
| extern "C"
| {
| #endif
| /* We use char because int might match the return type of a gcc2
|    builtin and then its argument prototype would still apply.  */
| char class ();
| /* The GNU C library defines this for functions which it implements
|     to always fail with ENOSYS.  Some functions are actually named
|     something starting with __ and the normal name is an alias.  */
| #if defined (__stub_class) || defined (__stub___class)
| choke me
| #else
| char (*f) () = class;
| #endif
| #ifdef __cplusplus
| }
| #endif
| 
| int
| main ()
| {
| return f != class;
|   ;
|   return 0;
| }
configure:12871: result: no
configure:12801: checking for fpclass
configure:12851: gcc -o conftest -g -O2   conftest.c  >&5
/tmp/cclqF281.o:(.data+0x0): undefined reference to `fpclass'
/tmp/cclqF281.o: In function `main':
/mnt/hgfs/cnc_fwa/libxml2-2.6.2/libxml2-2.6.2/configure:12893: undefined reference to `fpclass'
collect2: error: ld returned 1 exit status
configure:12854: $? = 1
configure: failed program was:
| #line 12806 "configure"
| /* confdefs.h.  */
| 
| #define PACKAGE_NAME ""
| #define PACKAGE_TARNAME ""
| #define PACKAGE_VERSION ""
| #define PACKAGE_STRING ""
| #define PACKAGE_BUGREPORT ""
| #define PACKAGE "libxml2"
| #define VERSION "2.6.2"
| #define HAVE_SYS_TYPES_H 1
| #define HAVE_SYS_STAT_H 1
| #define HAVE_STDLIB_H 1
| #define HAVE_STRING_H 1
| #define HAVE_MEMORY_H 1
| #define HAVE_STRINGS_H 1
| #define HAVE_INTTYPES_H 1
| #define HAVE_STDINT_H 1
| #define HAVE_UNISTD_H 1
| #define PROTOTYPES 1
| #define STDC_HEADERS 1
| #define HAVE_STRING_H 1
| #define HAVE_DLFCN_H 1
| #define HAVE_ZLIB_H 1
| #define HAVE_LIBZ
| #define HAVE_DIRENT_H 1
| #define STDC_HEADERS 1
| #define HAVE_FCNTL_H 1
| #define HAVE_UNISTD_H 1
| #define HAVE_CTYPE_H 1
| #define HAVE_DIRENT_H 1
| #define HAVE_ERRNO_H 1
| #define HAVE_MALLOC_H 1
| #define HAVE_STDARG_H 1
| #define HAVE_SYS_STAT_H 1
| #define HAVE_SYS_TYPES_H 1
| #define HAVE_TIME_H 1
| #define HAVE_MATH_H 1
| #define HAVE_FLOAT_H 1
| #define HAVE_STDLIB_H 1
| #define HAVE_SYS_SOCKET_H 1
| #define HAVE_NETINET_IN_H 1
| #define HAVE_ARPA_INET_H 1
| #define HAVE_NETDB_H 1
| #define HAVE_SYS_TIME_H 1
| #define HAVE_SYS_SELECT_H 1
| #define HAVE_SYS_MMAN_H 1
| #define HAVE_SYS_TIMEB_H 1
| #define HAVE_SIGNAL_H 1
| #define HAVE_ARPA_NAMESER_H 1
| #define HAVE_RESOLV_H 1
| #define HAVE_STRFTIME 1
| #define HAVE_STRDUP 1
| #define HAVE_STRNDUP 1
| #define HAVE_STRERROR 1
| #define HAVE_FINITE 1
| /* end confdefs.h.  */
| /* System header to define __stub macros and hopefully few prototypes,
|     which can conflict with char fpclass (); below.
|     Prefer <limits.h> to <assert.h> if __STDC__ is defined, since
|     <limits.h> exists even on freestanding compilers.  */
| #ifdef __STDC__
| # include <limits.h>
| #else
| # include <assert.h>
| #endif
| /* Override any gcc2 internal prototype to avoid an error.  */
| #ifdef __cplusplus
| extern "C"
| {
| #endif
| /* We use char because int might match the return type of a gcc2
|    builtin and then its argument prototype would still apply.  */
| char fpclass ();
| /* The GNU C library defines this for functions which it implements
|     to always fail with ENOSYS.  Some functions are actually named
|     something starting with __ and the normal name is an alias.  */
| #if defined (__stub_fpclass) || defined (__stub___fpclass)
| choke me
| #else
| char (*f) () = fpclass;
| #endif
| #ifdef __cplusplus
| }
| #endif
| 
| int
| main ()
| {
| return f != fpclass;
|   ;
|   return 0;
| }
configure:12871: result: no
configure:12888: checking for strftime
configure:12958: result: yes
configure:12888: checking for localtime
configure:12938: gcc -o conftest -g -O2   conftest.c  >&5
configure:12941: $? = 0
configure:12944: test -s conftest
configure:12947: $? = 0
configure:12958: result: yes
configure:12888: checking for gettimeofday
configure:12938: gcc -o conftest -g -O2   conftest.c  >&5
configure:12941: $? = 0
configure:12944: test -s conftest
configure:12947: $? = 0
configure:12958: result: yes
configure:12888: checking for ftime
configure:12938: gcc -o conftest -g -O2   conftest.c  >&5
configure:12941: $? = 0
configure:12944: test -s conftest
configure:12947: $? = 0
configure:12958: result: yes
configure:12974: checking for stat
configure:13024: gcc -o conftest -g -O2   conftest.c  >&5
configure:13027: $? = 0
configure:13030: test -s conftest
configure:13033: $? = 0
configure:13044: result: yes
configure:12974: checking for _stat
configure:13024: gcc -o conftest -g -O2   conftest.c  >&5
/tmp/ccrMtosU.o:(.data+0x0): undefined reference to `_stat'
/tmp/ccrMtosU.o: In function `main':
/mnt/hgfs/cnc_fwa/libxml2-2.6.2/libxml2-2.6.2/configure:13071: undefined reference to `_stat'
collect2: error: ld returned 1 exit status
configure:13027: $? = 1
configure: failed program was:
| #line 12979 "configure"
| /* confdefs.h.  */
| 
| #define PACKAGE_NAME ""
| #define PACKAGE_TARNAME ""
| #define PACKAGE_VERSION ""
| #define PACKAGE_STRING ""
| #define PACKAGE_BUGREPORT ""
| #define PACKAGE "libxml2"
| #define VERSION "2.6.2"
| #define HAVE_SYS_TYPES_H 1
| #define HAVE_SYS_STAT_H 1
| #define HAVE_STDLIB_H 1
| #define HAVE_STRING_H 1
| #define HAVE_MEMORY_H 1
| #define HAVE_STRINGS_H 1
| #define HAVE_INTTYPES_H 1
| #define HAVE_STDINT_H 1
| #define HAVE_UNISTD_H 1
| #define PROTOTYPES 1
| #define STDC_HEADERS 1
| #define HAVE_STRING_H 1
| #define HAVE_DLFCN_H 1
| #define HAVE_ZLIB_H 1
| #define HAVE_LIBZ
| #define HAVE_DIRENT_H 1
| #define STDC_HEADERS 1
| #define HAVE_FCNTL_H 1
| #define HAVE_UNISTD_H 1
| #define HAVE_CTYPE_H 1
| #define HAVE_DIRENT_H 1
| #define HAVE_ERRNO_H 1
| #define HAVE_MALLOC_H 1
| #define HAVE_STDARG_H 1
| #define HAVE_SYS_STAT_H 1
| #define HAVE_SYS_TYPES_H 1
| #define HAVE_TIME_H 1
| #define HAVE_MATH_H 1
| #define HAVE_FLOAT_H 1
| #define HAVE_STDLIB_H 1
| #define HAVE_SYS_SOCKET_H 1
| #define HAVE_NETINET_IN_H 1
| #define HAVE_ARPA_INET_H 1
| #define HAVE_NETDB_H 1
| #define HAVE_SYS_TIME_H 1
| #define HAVE_SYS_SELECT_H 1
| #define HAVE_SYS_MMAN_H 1
| #define HAVE_SYS_TIMEB_H 1
| #define HAVE_SIGNAL_H 1
| #define HAVE_ARPA_NAMESER_H 1
| #define HAVE_RESOLV_H 1
| #define HAVE_STRFTIME 1
| #define HAVE_STRDUP 1
| #define HAVE_STRNDUP 1
| #define HAVE_STRERROR 1
| #define HAVE_FINITE 1
| #define HAVE_STRFTIME 1
| #define HAVE_LOCALTIME 1
| #define HAVE_GETTIMEOFDAY 1
| #define HAVE_FTIME 1
| #define HAVE_STAT 1
| /* end confdefs.h.  */
| /* System header to define __stub macros and hopefully few prototypes,
|     which can conflict with char _stat (); below.
|     Prefer <limits.h> to <assert.h> if __STDC__ is defined, since
|     <limits.h> exists even on freestanding compilers.  */
| #ifdef __STDC__
| # include <limits.h>
| #else
| # include <assert.h>
| #endif
| /* Override any gcc2 internal prototype to avoid an error.  */
| #ifdef __cplusplus
| extern "C"
| {
| #endif
| /* We use char because int might match the return type of a gcc2
|    builtin and then its argument prototype would still apply.  */
| char _stat ();
| /* The GNU C library defines this for functions which it implements
|     to always fail with ENOSYS.  Some functions are actually named
|     something starting with __ and the normal name is an alias.  */
| #if defined (__stub__stat) || defined (__stub____stat)
| choke me
| #else
| char (*f) () = _stat;
| #endif
| #ifdef __cplusplus
| }
| #endif
| 
| int
| main ()
| {
| return f != _stat;
|   ;
|   return 0;
| }
configure:13044: result: no
configure:12974: checking for signal
configure:13024: gcc -o conftest -g -O2   conftest.c  >&5
configure:13027: $? = 0
configure:13030: test -s conftest
configure:13033: $? = 0
configure:13044: result: yes
configure:13066: checking for printf
configure:13116: gcc -o conftest -g -O2   conftest.c  >&5
configure:13149:6: warning: conflicting types for built-in function 'printf'
 echo "$as_me:$LINENO: checking for gethostent" >&5
      ^
configure:13119: $? = 0
configure:13122: test -s conftest
configure:13125: $? = 0
configure:13136: result: yes
configure:13066: checking for sprintf
configure:13116: gcc -o conftest -g -O2   conftest.c  >&5
configure:13150:6: warning: conflicting types for built-in function 'sprintf'
 echo $ECHO_N "checking for gethostent... $ECHO_C" >&6
      ^
configure:13119: $? = 0
configure:13122: test -s conftest
configure:13125: $? = 0
configure:13136: result: yes
configure:13066: checking for fprintf
configure:13116: gcc -o conftest -g -O2   conftest.c  >&5
configure:13151:6: warning: conflicting types for built-in function 'fprintf'
 if test "${ac_cv_func_gethostent+set}" = set; then
      ^
configure:13119: $? = 0
configure:13122: test -s conftest
configure:13125: $? = 0
configure:13136: result: yes
configure:13066: checking for snprintf
configure:13116: gcc -o conftest -g -O2   conftest.c  >&5
configure:13152:6: warning: conflicting types for built-in function 'snprintf'
   echo $ECHO_N "(cached) $ECHO_C" >&6
      ^
configure:13119: $? = 0
configure:13122: test -s conftest
configure:13125: $? = 0
configure:13136: result: yes
configure:13066: checking for vfprintf
configure:13116: gcc -o conftest -g -O2   conftest.c  >&5
configure:13153:6: warning: conflicting types for built-in function 'vfprintf'
configure:13119: $? = 0
configure:13122: test -s conftest
configure:13125: $? = 0
configure:13136: result: yes
configure:13066: checking for vsprintf
configure:13116: gcc -o conftest -g -O2   conftest.c  >&5
configure:13154:6: warning: conflicting types for built-in function 'vsprintf'
   cat >conftest.$ac_ext <<_ACEOF
      ^
configure:13119: $? = 0
configure:13122: test -s conftest
configure:13125: $? = 0
configure:13136: result: yes
configure:13066: checking for vsnprintf
configure:13116: gcc -o conftest -g -O2   conftest.c  >&5
configure:13155:6: warning: conflicting types for built-in function 'vsnprintf'
 #line $LINENO "configure"
      ^
configure:13119: $? = 0
configure:13122: test -s conftest
configure:13125: $? = 0
configure:13136: result: yes
configure:13066: checking for sscanf
configure:13116: gcc -o conftest -g -O2   conftest.c  >&5
configure:13156:6: warning: conflicting types for built-in function 'sscanf'
 /* confdefs.h.  */
      ^
configure:13119: $? = 0
configure:13122: test -s conftest
configure:13125: $? = 0
configure:13136: result: yes
configure:13149: checking for gethostent
configure:13199: gcc -o conftest -g -O2   conftest.c  >&5
configure:13202: $? = 0
configure:13205: test -s conftest
configure:13208: $? = 0
configure:13219: result: yes
configure:13290: checking for setsockopt
configure:13340: gcc -o conftest -g -O2   conftest.c  >&5
configure:13343: $? = 0
configure:13346: test -s conftest
configure:13349: $? = 0
configure:13360: result: yes
configure:13431: checking for connect
configure:13481: gcc -o conftest -g -O2   conftest.c  >&5
configure:13484: $? = 0
configure:13487: test -s conftest
configure:13490: $? = 0
configure:13501: result: yes
configure:13573: checking for type of socket length (socklen_t)
configure:13587: gcc -c -g -O2  conftest.c >&5
configure:13590: result: socklen_t *
configure:13659: checking whether to enable IPv6
configure:13696: gcc -c -g -O2  conftest.c >&5
configure:13699: $? = 0
configure:13702: test -s conftest.o
configure:13705: $? = 0
configure:13716: result: yes
configure:13727: checking for getaddrinfo
configure:13777: gcc -o conftest -g -O2   conftest.c  >&5
configure:13780: $? = 0
configure:13783: test -s conftest
configure:13786: $? = 0
configure:13797: result: yes
configure:13878: checking for isnan
configure:13928: gcc -o conftest -g -O2   conftest.c  >&5
configure:13972:6: warning: conflicting types for built-in function 'isnan'
 /* We use char because int might match the return type of a gcc2
      ^
configure:13931: $? = 0
configure:13934: test -s conftest
configure:13937: $? = 0
configure:13948: result: yes
configure:14018: checking for isinf
configure:14068: gcc -o conftest -g -O2   conftest.c  >&5
configure:14112:6: warning: conflicting types for built-in function 'isinf'
 /* Override any gcc2 internal prototype to avoid an error.  */
      ^
configure:14071: $? = 0
configure:14074: test -s conftest
configure:14077: $? = 0
configure:14088: result: yes
configure:14249: checking for python
configure:14267: found /usr/bin/python
configure:14279: result: /usr/bin/python
configure:14435: checking pthread.h usability
configure:14448: gcc -c -g -O2 -Wall  conftest.c >&5
configure:14451: $? = 0
configure:14454: test -s conftest.o
configure:14457: $? = 0
configure:14467: result: yes
configure:14471: checking pthread.h presence
configure:14482: gcc -E  conftest.c
configure:14488: $? = 0
configure:14507: result: yes
configure:14543: checking for pthread.h
configure:14550: result: yes
configure:14555: checking for pthread_join in -lpthread
configure:14586: gcc -o conftest -g -O2 -Wall   conftest.c -lpthread   >&5
configure:14589: $? = 0
configure:14592: test -s conftest
configure:14595: $? = 0
configure:14607: result: yes
configure:15543: checking iconv.h usability
configure:15556: gcc -c -g -O2 -Wall  conftest.c >&5
configure:15559: $? = 0
configure:15562: test -s conftest.o
configure:15565: $? = 0
configure:15575: result: yes
configure:15579: checking iconv.h presence
configure:15590: gcc -E  conftest.c
configure:15596: $? = 0
configure:15615: result: yes
configure:15651: checking for iconv.h
configure:15658: result: yes
configure:15663: checking for iconv
configure:15685: gcc -o conftest -g -O2 -Wall   conftest.c  >&5
configure:15688: $? = 0
configure:15691: test -s conftest
configure:15694: $? = 0
configure:15697: result: yes
configure:16057: creating ./config.status

## ---------------------- ##
## Running config.status. ##
## ---------------------- ##

This file was extended by config.status, which was
generated by GNU Autoconf 2.57.  Invocation command line was

  CONFIG_FILES    = 
  CONFIG_HEADERS  = 
  CONFIG_LINKS    = 
  CONFIG_COMMANDS = 
  $ ./config.status 

on ubuntu

config.status:768: creating libxml2.spec
config.status:768: creating Makefile
config.status:768: creating include/Makefile
config.status:768: creating include/libxml/Makefile
config.status:768: creating doc/Makefile
config.status:768: creating example/Makefile
config.status:768: creating python/Makefile
config.status:768: creating python/tests/Makefile
config.status:768: creating include/libxml/xmlversion.h
config.status:768: creating xml2-config
config.status:768: creating libxml-2.0.pc
config.status:768: creating libxml-2.0-uninstalled.pc
config.status:768: creating xml2Conf.sh
config.status:768: creating python/setup.py
config.status:872: creating config.h
config.status:1213: executing depfiles commands

## ---------------- ##
## Cache variables. ##
## ---------------- ##

ac_cv_build=x86_64-unknown-linux-gnu
ac_cv_build_alias=x86_64-unknown-linux-gnu
ac_cv_c_compiler_gnu=yes
ac_cv_env_CC_set=
ac_cv_env_CC_value=
ac_cv_env_CFLAGS_set=
ac_cv_env_CFLAGS_value=
ac_cv_env_CPPFLAGS_set=
ac_cv_env_CPPFLAGS_value=
ac_cv_env_CPP_set=
ac_cv_env_CPP_value=
ac_cv_env_LDFLAGS_set=
ac_cv_env_LDFLAGS_value=
ac_cv_env_build_alias_set=
ac_cv_env_build_alias_value=
ac_cv_env_host_alias_set=
ac_cv_env_host_alias_value=
ac_cv_env_target_alias_set=
ac_cv_env_target_alias_value=
ac_cv_exeext=
ac_cv_func__stat=no
ac_cv_func_class=no
ac_cv_func_connect=yes
ac_cv_func_finite=yes
ac_cv_func_fp_class=no
ac_cv_func_fpclass=no
ac_cv_func_fprintf=yes
ac_cv_func_ftime=yes
ac_cv_func_getaddrinfo=yes
ac_cv_func_gethostent=yes
ac_cv_func_gettimeofday=yes
ac_cv_func_isinf=yes
ac_cv_func_isnan=yes
ac_cv_func_isnand=no
ac_cv_func_localtime=yes
ac_cv_func_printf=yes
ac_cv_func_setsockopt=yes
ac_cv_func_signal=yes
ac_cv_func_snprintf=yes
ac_cv_func_sprintf=yes
ac_cv_func_sscanf=yes
ac_cv_func_stat=yes
ac_cv_func_strdup=yes
ac_cv_func_strerror=yes
ac_cv_func_strftime=yes
ac_cv_func_strndup=yes
ac_cv_func_vfprintf=yes
ac_cv_func_vsnprintf=yes
ac_cv_func_vsprintf=yes
ac_cv_header_ansidecl_h=no
ac_cv_header_arpa_inet_h=yes
ac_cv_header_arpa_nameser_h=yes
ac_cv_header_ctype_h=yes
ac_cv_header_dirent_dirent_h=yes
ac_cv_header_dirent_h=yes
ac_cv_header_dlfcn_h=yes
ac_cv_header_errno_h=yes
ac_cv_header_fcntl_h=yes
ac_cv_header_float_h=yes
ac_cv_header_fp_class_h=no
ac_cv_header_iconv_h=yes
ac_cv_header_ieeefp_h=no
ac_cv_header_inttypes_h=yes
ac_cv_header_malloc_h=yes
ac_cv_header_math_h=yes
ac_cv_header_memory_h=yes
ac_cv_header_nan_h=no
ac_cv_header_netdb_h=yes
ac_cv_header_netinet_in_h=yes
ac_cv_header_pthread_h=yes
ac_cv_header_resolv_h=yes
ac_cv_header_signal_h=yes
ac_cv_header_stdarg_h=yes
ac_cv_header_stdc=yes
ac_cv_header_stdint_h=yes
ac_cv_header_stdlib_h=yes
ac_cv_header_string_h=yes
ac_cv_header_strings_h=yes
ac_cv_header_sys_mman_h=yes
ac_cv_header_sys_select_h=yes
ac_cv_header_sys_socket_h=yes
ac_cv_header_sys_stat_h=yes
ac_cv_header_sys_time_h=yes
ac_cv_header_sys_timeb_h=yes
ac_cv_header_sys_types_h=yes
ac_cv_header_time_h=yes
ac_cv_header_unistd_h=yes
ac_cv_header_zlib_h=yes
ac_cv_host=x86_64-unknown-linux-gnu
ac_cv_host_alias=x86_64-unknown-linux-gnu
ac_cv_lib_pthread_pthread_join=yes
ac_cv_lib_z_gzread=yes
ac_cv_objext=o
ac_cv_path_MV=/bin/mv
ac_cv_path_PYTHON=/usr/bin/python
ac_cv_path_RM=/bin/rm
ac_cv_path_TAR=/bin/tar
ac_cv_path_install='/usr/bin/install -c'
ac_cv_prog_AWK=mawk
ac_cv_prog_CPP='gcc -E'
ac_cv_prog_ac_ct_CC=gcc
ac_cv_prog_ac_ct_RANLIB=ranlib
ac_cv_prog_ac_ct_STRIP=strip
ac_cv_prog_cc_g=yes
ac_cv_prog_cc_stdc=
ac_cv_prog_egrep='grep -E'
ac_cv_prog_make_make_set=yes
ac_cv_search_opendir='none required'
am_cv_CC_dependencies_compiler_type=gcc3
am_cv_prog_cc_stdc=
lt_cv_archive_cmds_need_lc=no
lt_cv_compiler_c_o=yes
lt_cv_compiler_o_lo=yes
lt_cv_deplibs_check_method=pass_all
lt_cv_file_magic_cmd='$MAGIC_CMD'
lt_cv_file_magic_test_file='/lib/libc.so.6 /lib/libc-*.so'
lt_cv_global_symbol_to_c_name_address='sed -n -e '\''s/^: \([^ ]*\) $/  {\"\1\", (lt_ptr) 0},/p'\'' -e '\''s/^[BCDEGRST] \([^ ]*\) \([^ ]*\)$/  {"\2", (lt_ptr) \&\2},/p'\'''
lt_cv_global_symbol_to_cdecl='sed -n -e '\''s/^. .* \(.*\)$/extern char \1;/p'\'''
lt_cv_ld_reload_flag=-r
lt_cv_path_LD=/usr/bin/ld
lt_cv_path_NM='/usr/bin/nm -B'
lt_cv_path_SED=/bin/sed
lt_cv_prog_cc_can_build_shared=yes
lt_cv_prog_cc_no_builtin=
lt_cv_prog_cc_pic=' -fPIC'
lt_cv_prog_cc_pic_works=yes
lt_cv_prog_cc_shlib=
lt_cv_prog_cc_static=-static
lt_cv_prog_cc_static_works=yes
lt_cv_prog_cc_wl=-Wl,
lt_cv_prog_gnu_ld=yes
lt_cv_sys_global_symbol_pipe='sed -n -e '\''s/^.*[ 	]\([ABCDGISTW][ABCDGISTW]*\)[ 	][ 	]*\(\)\([_A-Za-z][_A-Za-z0-9]*\)$/\1 \2\3 \3/p'\'''

## ----------------- ##
## Output variables. ##
## ----------------- ##

ACLOCAL='${SHELL} /mnt/hgfs/cnc_fwa/libxml2-2.6.2/libxml2-2.6.2/missing --run aclocal-1.6'
AMDEPBACKSLASH='\'
AMDEP_FALSE='#'
AMDEP_TRUE=''
AMTAR='${SHELL} /mnt/hgfs/cnc_fwa/libxml2-2.6.2/libxml2-2.6.2/missing --run tar'
ANSI2KNR=''
AUTOCONF='${SHELL} /mnt/hgfs/cnc_fwa/libxml2-2.6.2/libxml2-2.6.2/missing --run autoconf'
AUTOHEADER='${SHELL} /mnt/hgfs/cnc_fwa/libxml2-2.6.2/libxml2-2.6.2/missing --run autoheader'
AUTOMAKE='${SHELL} /mnt/hgfs/cnc_fwa/libxml2-2.6.2/libxml2-2.6.2/missing --run automake-1.6'
AWK='mawk'
C14N_OBJ='c14n.c'
CATALOG_OBJ='catalog.o'
CC='gcc'
CCDEPMODE='depmode=gcc3'
CFLAGS='-g -O2 -Wall'
CPP='gcc -E'
CPPFLAGS=''
DEBUG_OBJ='debugXML.o'
DEFS='-DHAVE_CONFIG_H'
DEPDIR='.deps'
DOCB_OBJ='DOCBparser.o'
ECHO='echo'
ECHO_C=''
ECHO_N='-n'
ECHO_T=''
EGREP='grep -E'
EXEEXT=''
FTP_OBJ='nanoftp.o'
HAVE_ISINF=''
HAVE_ISNAN=''
HTML_DIR='$(prefix)/doc'
HTML_OBJ='HTMLparser.o HTMLtree.o'
HTTP_OBJ='nanohttp.o'
ICONV_LIBS=''
INSTALL_DATA='${INSTALL} -m 644'
INSTALL_PROGRAM='${INSTALL}'
INSTALL_SCRIPT='${INSTALL}'
INSTALL_STRIP_PROGRAM='${SHELL} $(install_sh) -c -s'
LDFLAGS=''
LIBOBJS=''
LIBS=''
LIBTOOL='$(SHELL) $(top_builddir)/libtool'
LIBXML_MAJOR_VERSION='2'
LIBXML_MICRO_VERSION='2'
LIBXML_MINOR_VERSION='6'
LIBXML_VERSION='2.6.2'
LIBXML_VERSION_INFO='8:2:6'
LIBXML_VERSION_NUMBER='20602'
LN_S='cp -p'
LTLIBOBJS=''
MAINT='#'
MAINTAINER_MODE_FALSE=''
MAINTAINER_MODE_TRUE='#'
MAKEINFO='${SHELL} /mnt/hgfs/cnc_fwa/libxml2-2.6.2/libxml2-2.6.2/missing --run makeinfo'
MV='/bin/mv'
M_LIBS='-lm'
OBJEXT='o'
PACKAGE='libxml2'
PACKAGE_BUGREPORT=''
PACKAGE_NAME=''
PACKAGE_STRING=''
PACKAGE_TARNAME=''
PACKAGE_VERSION=''
PATH_SEPARATOR=':'
PYTHON='/usr/bin/python'
PYTHON_INCLUDES=''
PYTHON_SITE_PACKAGES='/usr/lib/python2.7/dist-packages'
PYTHON_SUBDIR=''
PYTHON_VERSION='2.7'
RANLIB='ranlib'
RDL_LIBS=''
READER_TEST='Readertests'
RELDATE='Mon Dec 28 2020'
RM='/bin/rm'
SET_MAKE=''
SHELL='/bin/sh'
STATIC_BINARIES=''
STRIP='strip'
TAR='/bin/tar'
TEST_C14N='C14Ntests'
TEST_CATALOG='Catatests'
TEST_DEBUG='Scripttests'
TEST_HTML='HTMLtests'
TEST_PHTML='HTMLPushtests'
TEST_PUSH='XMLPushtests'
TEST_REGEXPS='Regexptests Automatatests'
TEST_SAX='SAXtests'
TEST_SCHEMAS='Schemastests Relaxtests'
TEST_THREADS='Threadtests'
TEST_VALID='Validtests'
TEST_VTIME='VTimingtests'
TEST_XINCLUDE='XIncludetests'
TEST_XPATH='XPathtests'
TEST_XPTR='XPtrtests'
THREAD_CFLAGS=' -D_REENTRANT'
THREAD_LIBS='-lpthread'
U=''
VERSION='2.6.2'
WIN32_EXTRA_LDFLAGS=''
WIN32_EXTRA_LIBADD=''
WITH_C14N='1'
WITH_CATALOG='1'
WITH_DEBUG='1'
WITH_DOCB='1'
WITH_FTP='1'
WITH_HTML='1'
WITH_HTTP='1'
WITH_ICONV='1'
WITH_ISO8859X='1'
WITH_LEGACY='1'
WITH_MEM_DEBUG='0'
WITH_OUTPUT='1'
WITH_PUSH='1'
WITH_PYTHON_FALSE=''
WITH_PYTHON_TRUE='#'
WITH_READER='1'
WITH_REGEXPS='1'
WITH_SAX1='1'
WITH_SCHEMAS='1'
WITH_THREADS='1'
WITH_TREE='1'
WITH_TRIO='0'
WITH_TRIO_SOURCES_FALSE=''
WITH_TRIO_SOURCES_TRUE='#'
WITH_VALID='1'
WITH_WRITER='1'
WITH_XINCLUDE='1'
WITH_XPATH='1'
WITH_XPTR='1'
XINCLUDE_OBJ='xinclude.o'
XML_CFLAGS=''
XML_INCLUDEDIR='-I${includedir}/libxml2'
XML_LIBDIR='-L${libdir}'
XML_LIBS='-lxml2 -lz -lpthread  -lm '
XML_LIBTOOLLIBS='libxml2.la'
XPATH_OBJ='xpath.o'
XPTR_OBJ='xpointer.o'
Z_CFLAGS=''
Z_LIBS='-lz'
ac_ct_CC='gcc'
ac_ct_RANLIB='ranlib'
ac_ct_STRIP='strip'
am__include='include'
am__quote=''
bindir='${exec_prefix}/bin'
build='x86_64-unknown-linux-gnu'
build_alias=''
build_cpu='x86_64'
build_os='linux-gnu'
build_vendor='unknown'
datadir='${prefix}/share'
exec_prefix='${prefix}'
host='x86_64-unknown-linux-gnu'
host_alias=''
host_cpu='x86_64'
host_os='linux-gnu'
host_vendor='unknown'
includedir='${prefix}/include'
infodir='${prefix}/info'
install_sh='/mnt/hgfs/cnc_fwa/libxml2-2.6.2/libxml2-2.6.2/install-sh'
libdir='${exec_prefix}/lib'
libexecdir='${exec_prefix}/libexec'
localstatedir='${prefix}/var'
mandir='${prefix}/man'
oldincludedir='/usr/include'
prefix='/usr/local'
program_transform_name='s,x,x,'
pythondir='$(libdir)/python${PYTHON_VERSION}/site-packages'
sbindir='${exec_prefix}/sbin'
sharedstatedir='${prefix}/com'
sysconfdir='${prefix}/etc'
target_alias=''

## ----------- ##
## confdefs.h. ##
## ----------- ##

#define HAVE_ARPA_INET_H 1
#define HAVE_ARPA_NAMESER_H 1
#define HAVE_CTYPE_H 1
#define HAVE_DIRENT_H 1
#define HAVE_DIRENT_H 1
#define HAVE_DLFCN_H 1
#define HAVE_ERRNO_H 1
#define HAVE_FCNTL_H 1
#define HAVE_FINITE 1
#define HAVE_FLOAT_H 1
#define HAVE_FPRINTF 1
#define HAVE_FTIME 1
#define HAVE_GETADDRINFO
#define HAVE_GETTIMEOFDAY 1
#define HAVE_INTTYPES_H 1
#define HAVE_ISINF
#define HAVE_LIBPTHREAD
#define HAVE_LIBZ
#define HAVE_LOCALTIME 1
#define HAVE_MALLOC_H 1
#define HAVE_MATH_H 1
#define HAVE_MEMORY_H 1
#define HAVE_NETDB_H 1
#define HAVE_NETINET_IN_H 1
#define HAVE_PRINTF 1
#define HAVE_PTHREAD_H
#define HAVE_RESOLV_H 1
#define HAVE_SIGNAL 1
#define HAVE_SIGNAL_H 1
#define HAVE_SNPRINTF 1
#define HAVE_SPRINTF 1
#define HAVE_SSCANF 1
#define HAVE_STAT 1
#define HAVE_STDARG_H 1
#define HAVE_STDINT_H 1
#define HAVE_STDLIB_H 1
#define HAVE_STDLIB_H 1
#define HAVE_STRDUP 1
#define HAVE_STRERROR 1
#define HAVE_STRFTIME 1
#define HAVE_STRFTIME 1
#define HAVE_STRINGS_H 1
#define HAVE_STRING_H 1
#define HAVE_STRING_H 1
#define HAVE_STRNDUP 1
#define HAVE_SYS_MMAN_H 1
#define HAVE_SYS_SELECT_H 1
#define HAVE_SYS_SOCKET_H 1
#define HAVE_SYS_STAT_H 1
#define HAVE_SYS_STAT_H 1
#define HAVE_SYS_TIMEB_H 1
#define HAVE_SYS_TIME_H 1
#define HAVE_SYS_TYPES_H 1
#define HAVE_SYS_TYPES_H 1
#define HAVE_TIME_H 1
#define HAVE_UNISTD_H 1
#define HAVE_UNISTD_H 1
#define HAVE_VFPRINTF 1
#define HAVE_VSNPRINTF 1
#define HAVE_VSPRINTF 1
#define HAVE_ZLIB_H 1
#define PACKAGE "libxml2"
#define PACKAGE_BUGREPORT ""
#define PACKAGE_NAME ""
#define PACKAGE_STRING ""
#define PACKAGE_TARNAME ""
#define PACKAGE_VERSION ""
#define PROTOTYPES 1
#define SOCKLEN_T socklen_t
#define STDC_HEADERS 1
#define STDC_HEADERS 1
#define SUPPORT_IP6
#define VERSION "2.6.2"

configure: exit 0
